
> nexttjs@0.1.0 build
> next build

  ▲ Next.js 14.2.35

   Creating an optimized production build ...
 ✓ Compiled successfully
   Linting and checking validity of types ...
   Collecting page data ...
   Generating static pages (0/13) ...
   Generating static pages (3/13) 
   Generating static pages (6/13) 
   Generating static pages (9/13) 
 ✓ Generating static pages (13/13)
   Finalizing page optimization ...
   Collecting build traces ...

Route (app)                              Size     First Load JS
┌ ○ /                                    39.1 kB         136 kB
├ ○ /_not-found                          873 B          88.7 kB
├ ○ /chat                                4.56 kB         124 kB
├ ○ /dashboard                           112 kB          209 kB
├ ○ /history                             3.3 kB          123 kB
├ ○ /login                               1.25 kB         121 kB
├ ○ /map                                 1.39 kB        89.2 kB
├ ○ /profile                             1.69 kB        89.5 kB
├ ○ /report                              2.06 kB        89.9 kB
└ ○ /signup                              1.23 kB         121 kB
+ First Load JS shared by all            87.8 kB
  ├ chunks/117-3467fa24a0e979ea.js       31.7 kB
  ├ chunks/fd9d1056-46f255d08c358c9b.js  53.6 kB
  └ other shared chunks (total)          2.42 kB


○  (Static)  prerendered as static content

